[ALERT] Starting server...
[SUCCESS] Server started!
[ALERT] Starting server...
[SUCCESS] Server started!
[ALERT] Starting server...
[SUCCESS] Server started!
[ALERT] Starting server...
[SUCCESS] Server started!
[ALERT] Starting server...
[SUCCESS] Server started!
[ALERT] Starting server...
[SUCCESS] Server started!
[ALERT] Shutting server down.
[ALERT] Starting server...
[SUCCESS] Server started!
[ALERT] Shutting server down.
[ALERT] Starting server...
[SUCCESS] Server started!
[ALERT] Shutting server down.
[ALERT] Starting server...
[SUCCESS] Server started!
[ALERT] Shutting server down.
[ALERT] Starting server...
[SUCCESS] Server started!
[ALERT] Starting server...
[SUCCESS] Server started!
[ALERT] Starting server...
[SUCCESS] Server started!
[ALERT] Starting server...
[SUCCESS] Server started!
[ALERT] Starting server...
[SUCCESS] Server started!
[ALERT] Starting server...
[SUCCESS] Server started!
[ALERT] Starting server...
[SUCCESS] Server started!
[ALERT] Starting server...
[SUCCESS] Server started!
[ALERT] Starting server...
[SUCCESS] Server started!
[ALERT] Starting server...
[SUCCESS] Server started!
[ALERT] Starting server...
[SUCCESS] Server started!
[ALERT] Starting server...
[SUCCESS] Server started!
[ALERT] Starting server...
[SUCCESS] Server started!
[ALERT] Starting server...
[SUCCESS] Server started!
[ALERT] Starting server...
[SUCCESS] Server started!
[ALERT] Starting server...
[SUCCESS] Server started!
[ALERT] Starting server...
[SUCCESS] Server started!
[ALERT] Starting server...
[SUCCESS] Server started!
[ALERT] Starting server...
[SUCCESS] Server started!
[ALERT] Starting server...
[SUCCESS] Server started!
[ALERT] Starting server...
[SUCCESS] Server started!
[ALERT] Starting server...
[SUCCESS] Server started!
[ALERT] Shutting server down.
[ALERT] Starting server...
[SUCCESS] Server started!
[ALERT] Starting server...
[SUCCESS] Server started!
[ALERT] Starting server...
[SUCCESS] Server started!
[ALERT] Starting server...
[SUCCESS] Server started!
[ALERT] Starting server...
[SUCCESS] Server started!
[ALERT] Starting server...
[SUCCESS] Server started!
[ALERT] Starting server...
[SUCCESS] Server started!
[ALERT] Starting server...
[SUCCESS] Server started!
[ALERT] Starting server...
[SUCCESS] Server started!
[ALERT] Starting server...
[SUCCESS] Server started!
[ALERT] Starting server...
[SUCCESS] Server started!
[ALERT] Starting server...
[SUCCESS] Server started!
[ALERT] Starting server...
[SUCCESS] Server started!
[ALERT] Starting server...
[SUCCESS] Server started!
[WARN] Could not open file "quicksave.save".
[ALERT] Unloading entities!
[ALERT] Starting server...
[SUCCESS] Server started!
[WARN] Could not open file "quicksave.save".
[ALERT] Unloading entities!
[ALERT] Starting server...
[ALERT] Starting server...
[ALERT] Starting server...
[ALERT] Starting server...
[ALERT] Starting server...
[ALERT] Starting server...
[ALERT] Starting server...
[ALERT] Starting server...
[ALERT] Starting server...
[ALERT] Starting server...
[ALERT] Starting server...
[ALERT] Starting server...
[ALERT] Starting server...
[ALERT] Starting server...
[ALERT] Starting server...
[ALERT] Starting server...
[ALERT] Starting server...
[ALERT] Starting server...
[ALERT] Starting server...
[ALERT] Starting server...
[ALERT] Starting server...
[ALERT] Starting server...
[ALERT] Starting server...
[ALERT] Starting server...
[ALERT] Starting server...
[ALERT] Starting server...
[ALERT] Starting server...
[ALERT] Starting server...
[ALERT] Starting server...
[ALERT] Starting server...
[ALERT] Starting server...
[ALERT] Starting server...
[ALERT] Starting server...
[ALERT] Starting server...
[ALERT] Starting server...
[ALERT] Starting server...
[ALERT] Starting server...
[ALERT] Starting server...
[ALERT] Starting server...
[ALERT] Starting server...
[ALERT] Starting server...
[ALERT] Starting server...
[ALERT] Starting server...
[ALERT] Starting server...
[ALERT] Starting server...
[ALERT] Starting server...
[ALERT] Starting server...
[ALERT] Starting server...
[ALERT] Starting server...
[ALERT] Starting server...
[ALERT] Starting server...
[ALERT] Starting server...
[ALERT] Starting server...
[ALERT] Starting server...
[ALERT] Starting server...
[ALERT] Starting server...
[ALERT] Starting server...
[ALERT] Starting server...
[ALERT] Starting server...
[ALERT] Starting server...
[ALERT] Starting server...
